[0706/183823.681:ERROR:process_memory_win.cc(73)] ReadMemory at 0x7ff614180000 of 64 bytes failed: Only part of a ReadProcessMemory or WriteProcessMemory request was completed. (0x12B)
[0706/183823.705:WARNING:pe_image_reader.cc(340)] could not read dos header from C:\Program Files (x86)\Google\Chrome\Application\chrome.exe
[0706/183823.706:ERROR:process_memory_win.cc(73)] ReadMemory at 0x7ffff4220000 of 64 bytes failed: Only part of a ReadProcessMemory or WriteProcessMemory request was completed. (0x12B)
[0706/183823.706:WARNING:pe_image_reader.cc(340)] could not read dos header from C:\WINDOWS\SYSTEM32\ntdll.dll
[0706/183823.706:ERROR:process_memory_win.cc(73)] ReadMemory at 0x7ffff3c40000 of 64 bytes failed: Only part of a ReadProcessMemory or WriteProcessMemory request was completed. (0x12B)
[0706/183823.706:WARNING:pe_image_reader.cc(340)] could not read dos header from C:\WINDOWS\System32\KERNEL32.DLL
[0706/183823.706:ERROR:process_memory_win.cc(73)] ReadMemory at 0x7ffff1680000 of 64 bytes failed: Only part of a ReadProcessMemory or WriteProcessMemory request was completed. (0x12B)
[0706/183823.706:WARNING:pe_image_reader.cc(340)] could not read dos header from C:\WINDOWS\System32\KERNELBASE.dll
[0706/183823.706:ERROR:process_memory_win.cc(73)] ReadMemory at 0x7fffe2410000 of 64 bytes failed: Only part of a ReadProcessMemory or WriteProcessMemory request was completed. (0x12B)
[0706/183823.706:WARNING:pe_image_reader.cc(340)] could not read dos header from C:\Program Files (x86)\Google\Chrome\Application\83.0.4103.116\chrome_elf.dll
[0706/183823.706:ERROR:process_memory_win.cc(73)] ReadMemory at 0x7fffeb090000 of 64 bytes failed: Only part of a ReadProcessMemory or WriteProcessMemory request was completed. (0x12B)
[0706/183823.706:WARNING:pe_image_reader.cc(340)] could not read dos header from C:\WINDOWS\SYSTEM32\VERSION.dll
[0706/183823.706:ERROR:process_memory_win.cc(73)] ReadMemory at 0x7ffff2b80000 of 64 bytes failed: Only part of a ReadProcessMemory or WriteProcessMemory request was completed. (0x12B)
[0706/183823.708:WARNING:pe_image_reader.cc(340)] could not read dos header from C:\WINDOWS\System32\msvcrt.dll
[0706/183823.708:ERROR:process_memory_win.cc(73)] ReadMemory at 0x7ffff12e0000 of 64 bytes failed: Only part of a ReadProcessMemory or WriteProcessMemory request was completed. (0x12B)
[0706/183823.708:WARNING:pe_image_reader.cc(340)] could not read dos header from C:\WINDOWS\System32\bcryptPrimitives.dll
[0706/183823.708:ERROR:process_memory_win.cc(73)] ReadMemory at 0x7ffff32f0000 of 64 bytes failed: Only part of a ReadProcessMemory or WriteProcessMemory request was completed. (0x12B)
[0706/183823.708:WARNING:pe_image_reader.cc(340)] could not read dos header from C:\WINDOWS\System32\ADVAPI32.dll
[0706/183823.708:ERROR:process_memory_win.cc(73)] ReadMemory at 0x7ffff2cc0000 of 64 bytes failed: Only part of a ReadProcessMemory or WriteProcessMemory request was completed. (0x12B)
[0706/183823.708:WARNING:pe_image_reader.cc(340)] could not read dos header from C:\WINDOWS\System32\sechost.dll
[0706/183823.709:ERROR:process_memory_win.cc(73)] ReadMemory at 0x7ffff24d0000 of 64 bytes failed: Only part of a ReadProcessMemory or WriteProcessMemory request was completed. (0x12B)
[0706/183823.709:WARNING:pe_image_reader.cc(340)] could not read dos header from C:\WINDOWS\System32\RPCRT4.dll
[0706/183823.709:ERROR:process_memory_win.cc(73)] ReadMemory at 0x7fff7d540000 of 64 bytes failed: Only part of a ReadProcessMemory or WriteProcessMemory request was completed. (0x12B)
[0706/183823.709:WARNING:pe_image_reader.cc(340)] could not read dos header from C:\Program Files (x86)\Google\Chrome\Application\83.0.4103.116\chrome.dll
[0706/183823.709:ERROR:process_memory_win.cc(73)] ReadMemory at 0x7ffff4170000 of 64 bytes failed: Only part of a ReadProcessMemory or WriteProcessMemory request was completed. (0x12B)
[0706/183823.709:WARNING:pe_image_reader.cc(340)] could not read dos header from C:\WINDOWS\System32\WS2_32.dll
[0706/183823.709:ERROR:process_memory_win.cc(73)] ReadMemory at 0x7ffff27f0000 of 64 bytes failed: Only part of a ReadProcessMemory or WriteProcessMemory request was completed. (0x12B)
[0706/183823.709:WARNING:pe_image_reader.cc(340)] could not read dos header from C:\WINDOWS\System32\OLEAUT32.dll
[0706/183823.709:ERROR:process_memory_win.cc(73)] ReadMemory at 0x7ffff1930000 of 64 bytes failed: Only part of a ReadProcessMemory or WriteProcessMemory request was completed. (0x12B)
[0706/183823.709:WARNING:pe_image_reader.cc(340)] could not read dos header from C:\WINDOWS\System32\msvcp_win.dll
[0706/183823.709:ERROR:process_memory_win.cc(73)] ReadMemory at 0x7ffff11e0000 of 64 bytes failed: Only part of a ReadProcessMemory or WriteProcessMemory request was completed. (0x12B)
[0706/183823.709:WARNING:pe_image_reader.cc(340)] could not read dos header from C:\WINDOWS\System32\ucrtbase.dll
[0706/183823.709:ERROR:process_memory_win.cc(73)] ReadMemory at 0x7ffff2f00000 of 64 bytes failed: Only part of a ReadProcessMemory or WriteProcessMemory request was completed. (0x12B)
[0706/183823.709:WARNING:pe_image_reader.cc(340)] could not read dos header from C:\WINDOWS\System32\combase.dll
[0706/183823.709:ERROR:process_memory_win.cc(73)] ReadMemory at 0x7ffff15b0000 of 64 bytes failed: Only part of a ReadProcessMemory or WriteProcessMemory request was completed. (0x12B)
[0706/183823.709:WARNING:pe_image_reader.cc(340)] could not read dos header from C:\WINDOWS\System32\WINTRUST.dll
[0706/183823.709:ERROR:process_memory_win.cc(73)] ReadMemory at 0x7ffff1110000 of 64 bytes failed: Only part of a ReadProcessMemory or WriteProcessMemory request was completed. (0x12B)
[0706/183823.709:WARNING:pe_image_reader.cc(340)] could not read dos header from C:\WINDOWS\System32\MSASN1.dll
[0706/183823.709:ERROR:process_memory_win.cc(73)] ReadMemory at 0x7ffff2180000 of 64 bytes failed: Only part of a ReadProcessMemory or WriteProcessMemory request was completed. (0x12B)
[0706/183823.709:WARNING:pe_image_reader.cc(340)] could not read dos header from C:\WINDOWS\System32\CRYPT32.dll
[0706/183823.709:ERROR:process_memory_win.cc(73)] ReadMemory at 0x7ffff0660000 of 64 bytes failed: Only part of a ReadProcessMemory or WriteProcessMemory request was completed. (0x12B)
[0706/183823.709:WARNING:pe_image_reader.cc(340)] could not read dos header from C:\WINDOWS\SYSTEM32\IPHLPAPI.DLL
[0706/183823.709:ERROR:process_memory_win.cc(73)] ReadMemory at 0x7fffe85c0000 of 64 bytes failed: Only part of a ReadProcessMemory or WriteProcessMemory request was completed. (0x12B)
[0706/183823.709:WARNING:pe_image_reader.cc(340)] could not read dos header from C:\WINDOWS\SYSTEM32\WINMM.dll
[0706/183823.709:ERROR:process_memory_win.cc(73)] ReadMemory at 0x7fffdf560000 of 64 bytes failed: Only part of a ReadProcessMemory or WriteProcessMemory request was completed. (0x12B)
[0706/183823.709:WARNING:pe_image_reader.cc(340)] could not read dos header from C:\WINDOWS\SYSTEM32\Secur32.dll
[0706/183823.709:ERROR:process_memory_win.cc(73)] ReadMemory at 0x7ffff1000000 of 64 bytes failed: Only part of a ReadProcessMemory or WriteProcessMemory request was completed. (0x12B)
[0706/183823.709:WARNING:pe_image_reader.cc(340)] could not read dos header from C:\WINDOWS\SYSTEM32\USERENV.dll
[0706/183823.709:ERROR:process_memory_win.cc(73)] ReadMemory at 0x7ffff1130000 of 64 bytes failed: Only part of a ReadProcessMemory or WriteProcessMemory request was completed. (0x12B)
[0706/183823.709:WARNING:pe_image_reader.cc(340)] could not read dos header from C:\WINDOWS\System32\profapi.dll
[0706/183823.709:ERROR:process_memory_win.cc(73)] ReadMemory at 0x7fffca730000 of 64 bytes failed: Only part of a ReadProcessMemory or WriteProcessMemory request was completed. (0x12B)
[0706/183823.709:WARNING:pe_image_reader.cc(340)] could not read dos header from C:\WINDOWS\SYSTEM32\UIAutomationCore.DLL
[0706/183823.709:ERROR:process_memory_win.cc(73)] ReadMemory at 0x7fffe4270000 of 64 bytes failed: Only part of a ReadProcessMemory or WriteProcessMemory request was completed. (0x12B)
[0706/183823.709:WARNING:pe_image_reader.cc(340)] could not read dos header from C:\WINDOWS\SYSTEM32\DWrite.dll
[0706/183823.709:ERROR:process_memory_win.cc(73)] ReadMemory at 0x7fffc8f40000 of 64 bytes failed: Only part of a ReadProcessMemory or WriteProcessMemory request was completed. (0x12B)
[0706/183823.709:WARNING:pe_image_reader.cc(340)] could not read dos header from C:\WINDOWS\SYSTEM32\WINSPOOL.DRV
[0706/183823.709:ERROR:process_memory_win.cc(73)] ReadMemory at 0x7ffff10f0000 of 64 bytes failed: Only part of a ReadProcessMemory or WriteProcessMemory request was completed. (0x12B)
[0706/183823.709:WARNING:pe_image_reader.cc(340)] could not read dos header from C:\WINDOWS\System32\kernel.appcore.dll
[0706/183823.709:ERROR:process_memory_win.cc(73)] ReadMemory at 0x7ffff19d0000 of 64 bytes failed: Only part of a ReadProcessMemory or WriteProcessMemory request was completed. (0x12B)
[0706/183823.709:WARNING:pe_image_reader.cc(340)] could not read dos header from C:\WINDOWS\System32\bcrypt.dll
[0706/183823.709:ERROR:process_memory_win.cc(73)] ReadMemory at 0x7fffefa50000 of 64 bytes failed: Only part of a ReadProcessMemory or WriteProcessMemory request was completed. (0x12B)
[0706/183823.709:WARNING:pe_image_reader.cc(340)] could not read dos header from C:\WINDOWS\SYSTEM32\dbghelp.dll
[0706/183823.709:ERROR:process_memory_win.cc(73)] ReadMemory at 0x7fffe94f0000 of 64 bytes failed: Only part of a ReadProcessMemory or WriteProcessMemory request was completed. (0x12B)
[0706/183823.709:WARNING:pe_image_reader.cc(340)] could not read dos header from C:\WINDOWS\SYSTEM32\WINHTTP.dll
[0706/183823.709:ERROR:process_memory_win.cc(73)] ReadMemory at 0x7fffea5c0000 of 64 bytes failed: Only part of a ReadProcessMemory or WriteProcessMemory request was completed. (0x12B)
[0706/183823.709:WARNING:pe_image_reader.cc(340)] could not read dos header from C:\WINDOWS\SYSTEM32\dhcpcsvc.DLL
[0706/183823.709:ERROR:process_memory_win.cc(73)] ReadMemory at 0x7ffff2330000 of 64 bytes failed: Only part of a ReadProcessMemory or WriteProcessMemory request was completed. (0x12B)
[0706/183823.709:WARNING:pe_image_reader.cc(340)] could not read dos header from C:\WINDOWS\System32\NSI.dll
[0706/183823.709:ERROR:process_memory_win.cc(73)] ReadMemory at 0x7fffe8290000 of 64 bytes failed: Only part of a ReadProcessMemory or WriteProcessMemory request was completed. (0x12B)
[0706/183823.709:WARNING:pe_image_reader.cc(340)] could not read dos header from C:\WINDOWS\SYSTEM32\WINMMBASE.dll
[0706/183823.709:ERROR:process_memory_win.cc(73)] ReadMemory at 0x7ffff1630000 of 64 bytes failed: Only part of a ReadProcessMemory or WriteProcessMemory request was completed. (0x12B)
[0706/183823.709:WARNING:pe_image_reader.cc(340)] could not read dos header from C:\WINDOWS\System32\cfgmgr32.dll
[0706/183823.709:ERROR:process_memory_win.cc(73)] ReadMemory at 0x7fffed8d0000 of 64 bytes failed: Only part of a ReadProcessMemory or WriteProcessMemory request was completed. (0x12B)
[0706/183823.709:WARNING:pe_image_reader.cc(340)] could not read dos header from C:\WINDOWS\SYSTEM32\PROPSYS.dll
[0706/183823.709:ERROR:process_memory_win.cc(73)] ReadMemory at 0x7ffff3240000 of 64 bytes failed: Only part of a ReadProcessMemory or WriteProcessMemory request was completed. (0x12B)
[0706/183823.709:WARNING:pe_image_reader.cc(340)] could not read dos header from C:\WINDOWS\System32\shcore.dll
[0706/183823.709:ERROR:process_memory_win.cc(73)] ReadMemory at 0x7ffff0fd0000 of 64 bytes failed: Only part of a ReadProcessMemory or WriteProcessMemory request was completed. (0x12B)
[0706/183823.709:WARNING:pe_image_reader.cc(340)] could not read dos header from C:\WINDOWS\SYSTEM32\SSPICLI.DLL
[0706/183823.709:ERROR:process_memory_win.cc(73)] ReadMemory at 0x7ffff0b20000 of 64 bytes failed: Only part of a ReadProcessMemory or WriteProcessMemory request was completed. (0x12B)
[0706/183823.709:WARNING:pe_image_reader.cc(340)] could not read dos header from C:\WINDOWS\SYSTEM32\CRYPTBASE.DLL
[0706/183823.772:ERROR:process_memory_win.cc(73)] ReadMemory at 0x7ff614180000 of 64 bytes failed: Only part of a ReadProcessMemory or WriteProcessMemory request was completed. (0x12B)
[0706/183823.772:WARNING:pe_image_reader.cc(340)] could not read dos header from C:\Program Files (x86)\Google\Chrome\Application\chrome.exe
[0706/183823.772:ERROR:process_memory_win.cc(73)] ReadMemory at 0x7ffff4220000 of 64 bytes failed: Only part of a ReadProcessMemory or WriteProcessMemory request was completed. (0x12B)
[0706/183823.772:WARNING:pe_image_reader.cc(340)] could not read dos header from C:\WINDOWS\SYSTEM32\ntdll.dll
[0706/183823.772:ERROR:process_memory_win.cc(73)] ReadMemory at 0x7ffff3c40000 of 64 bytes failed: Only part of a ReadProcessMemory or WriteProcessMemory request was completed. (0x12B)
[0706/183823.772:WARNING:pe_image_reader.cc(340)] could not read dos header from C:\WINDOWS\System32\KERNEL32.DLL
[0706/183823.772:ERROR:process_memory_win.cc(73)] ReadMemory at 0x7ffff1680000 of 64 bytes failed: Only part of a ReadProcessMemory or WriteProcessMemory request was completed. (0x12B)
[0706/183823.772:WARNING:pe_image_reader.cc(340)] could not read dos header from C:\WINDOWS\System32\KERNELBASE.dll
[0706/183823.772:ERROR:process_memory_win.cc(73)] ReadMemory at 0x7fffe2410000 of 64 bytes failed: Only part of a ReadProcessMemory or WriteProcessMemory request was completed. (0x12B)
[0706/183823.772:WARNING:pe_image_reader.cc(340)] could not read dos header from C:\Program Files (x86)\Google\Chrome\Application\83.0.4103.116\chrome_elf.dll
[0706/183823.772:ERROR:process_memory_win.cc(73)] ReadMemory at 0x7fffeb090000 of 64 bytes failed: Only part of a ReadProcessMemory or WriteProcessMemory request was completed. (0x12B)
[0706/183823.772:WARNING:pe_image_reader.cc(340)] could not read dos header from C:\WINDOWS\SYSTEM32\VERSION.dll
[0706/183823.772:ERROR:process_memory_win.cc(73)] ReadMemory at 0x7ffff2b80000 of 64 bytes failed: Only part of a ReadProcessMemory or WriteProcessMemory request was completed. (0x12B)
[0706/183823.772:WARNING:pe_image_reader.cc(340)] could not read dos header from C:\WINDOWS\System32\msvcrt.dll
[0706/183823.772:ERROR:process_memory_win.cc(73)] ReadMemory at 0x7ffff12e0000 of 64 bytes failed: Only part of a ReadProcessMemory or WriteProcessMemory request was completed. (0x12B)
[0706/183823.772:WARNING:pe_image_reader.cc(340)] could not read dos header from C:\WINDOWS\System32\bcryptPrimitives.dll
[0706/183823.772:ERROR:process_memory_win.cc(73)] ReadMemory at 0x7ffff32f0000 of 64 bytes failed: Only part of a ReadProcessMemory or WriteProcessMemory request was completed. (0x12B)
[0706/183823.772:WARNING:pe_image_reader.cc(340)] could not read dos header from C:\WINDOWS\System32\ADVAPI32.dll
[0706/183823.772:ERROR:process_memory_win.cc(73)] ReadMemory at 0x7ffff2cc0000 of 64 bytes failed: Only part of a ReadProcessMemory or WriteProcessMemory request was completed. (0x12B)
[0706/183823.772:WARNING:pe_image_reader.cc(340)] could not read dos header from C:\WINDOWS\System32\sechost.dll
[0706/183823.772:ERROR:process_memory_win.cc(73)] ReadMemory at 0x7ffff24d0000 of 64 bytes failed: Only part of a ReadProcessMemory or WriteProcessMemory request was completed. (0x12B)
[0706/183823.772:WARNING:pe_image_reader.cc(340)] could not read dos header from C:\WINDOWS\System32\RPCRT4.dll
[0706/183823.772:ERROR:process_memory_win.cc(73)] ReadMemory at 0x7fff7d540000 of 64 bytes failed: Only part of a ReadProcessMemory or WriteProcessMemory request was completed. (0x12B)
[0706/183823.772:WARNING:pe_image_reader.cc(340)] could not read dos header from C:\Program Files (x86)\Google\Chrome\Application\83.0.4103.116\chrome.dll
[0706/183823.772:ERROR:process_memory_win.cc(73)] ReadMemory at 0x7ffff4170000 of 64 bytes failed: Only part of a ReadProcessMemory or WriteProcessMemory request was completed. (0x12B)
[0706/183823.772:WARNING:pe_image_reader.cc(340)] could not read dos header from C:\WINDOWS\System32\WS2_32.dll
[0706/183823.772:ERROR:process_memory_win.cc(73)] ReadMemory at 0x7ffff27f0000 of 64 bytes failed: Only part of a ReadProcessMemory or WriteProcessMemory request was completed. (0x12B)
[0706/183823.772:WARNING:pe_image_reader.cc(340)] could not read dos header from C:\WINDOWS\System32\OLEAUT32.dll
[0706/183823.772:ERROR:process_memory_win.cc(73)] ReadMemory at 0x7ffff1930000 of 64 bytes failed: Only part of a ReadProcessMemory or WriteProcessMemory request was completed. (0x12B)
[0706/183823.772:WARNING:pe_image_reader.cc(340)] could not read dos header from C:\WINDOWS\System32\msvcp_win.dll
[0706/183823.772:ERROR:process_memory_win.cc(73)] ReadMemory at 0x7ffff11e0000 of 64 bytes failed: Only part of a ReadProcessMemory or WriteProcessMemory request was completed. (0x12B)
[0706/183823.772:WARNING:pe_image_reader.cc(340)] could not read dos header from C:\WINDOWS\System32\ucrtbase.dll
[0706/183823.772:ERROR:process_memory_win.cc(73)] ReadMemory at 0x7ffff2f00000 of 64 bytes failed: Only part of a ReadProcessMemory or WriteProcessMemory request was completed. (0x12B)
[0706/183823.772:WARNING:pe_image_reader.cc(340)] could not read dos header from C:\WINDOWS\System32\combase.dll
[0706/183823.772:ERROR:process_memory_win.cc(73)] ReadMemory at 0x7ffff15b0000 of 64 bytes failed: Only part of a ReadProcessMemory or WriteProcessMemory request was completed. (0x12B)
[0706/183823.772:WARNING:pe_image_reader.cc(340)] could not read dos header from C:\WINDOWS\System32\WINTRUST.dll
[0706/183823.780:ERROR:process_memory_win.cc(73)] ReadMemory at 0x7ffff1110000 of 64 bytes failed: Only part of a ReadProcessMemory or WriteProcessMemory request was completed. (0x12B)
[0706/183823.780:WARNING:pe_image_reader.cc(340)] could not read dos header from C:\WINDOWS\System32\MSASN1.dll
[0706/183823.780:ERROR:process_memory_win.cc(73)] ReadMemory at 0x7ffff2180000 of 64 bytes failed: Only part of a ReadProcessMemory or WriteProcessMemory request was completed. (0x12B)
[0706/183823.780:WARNING:pe_image_reader.cc(340)] could not read dos header from C:\WINDOWS\System32\CRYPT32.dll
[0706/183823.780:ERROR:process_memory_win.cc(73)] ReadMemory at 0x7ffff0660000 of 64 bytes failed: Only part of a ReadProcessMemory or WriteProcessMemory request was completed. (0x12B)
[0706/183823.780:WARNING:pe_image_reader.cc(340)] could not read dos header from C:\WINDOWS\SYSTEM32\IPHLPAPI.DLL
[0706/183823.780:ERROR:process_memory_win.cc(73)] ReadMemory at 0x7fffe85c0000 of 64 bytes failed: Only part of a ReadProcessMemory or WriteProcessMemory request was completed. (0x12B)
[0706/183823.780:WARNING:pe_image_reader.cc(340)] could not read dos header from C:\WINDOWS\SYSTEM32\WINMM.dll
[0706/183823.781:ERROR:process_memory_win.cc(73)] ReadMemory at 0x7fffdf560000 of 64 bytes failed: Only part of a ReadProcessMemory or WriteProcessMemory request was completed. (0x12B)
[0706/183823.781:WARNING:pe_image_reader.cc(340)] could not read dos header from C:\WINDOWS\SYSTEM32\Secur32.dll
[0706/183823.781:ERROR:process_memory_win.cc(73)] ReadMemory at 0x7ffff1000000 of 64 bytes failed: Only part of a ReadProcessMemory or WriteProcessMemory request was completed. (0x12B)
[0706/183823.781:WARNING:pe_image_reader.cc(340)] could not read dos header from C:\WINDOWS\SYSTEM32\USERENV.dll
[0706/183823.781:ERROR:process_memory_win.cc(73)] ReadMemory at 0x7ffff1130000 of 64 bytes failed: Only part of a ReadProcessMemory or WriteProcessMemory request was completed. (0x12B)
[0706/183823.781:WARNING:pe_image_reader.cc(340)] could not read dos header from C:\WINDOWS\System32\profapi.dll
[0706/183823.781:ERROR:process_memory_win.cc(73)] ReadMemory at 0x7fffca730000 of 64 bytes failed: Only part of a ReadProcessMemory or WriteProcessMemory request was completed. (0x12B)
[0706/183823.781:WARNING:pe_image_reader.cc(340)] could not read dos header from C:\WINDOWS\SYSTEM32\UIAutomationCore.DLL
[0706/183823.781:ERROR:process_memory_win.cc(73)] ReadMemory at 0x7fffe4270000 of 64 bytes failed: Only part of a ReadProcessMemory or WriteProcessMemory request was completed. (0x12B)
[0706/183823.781:WARNING:pe_image_reader.cc(340)] could not read dos header from C:\WINDOWS\SYSTEM32\DWrite.dll
[0706/183823.781:ERROR:process_memory_win.cc(73)] ReadMemory at 0x7fffc8f40000 of 64 bytes failed: Only part of a ReadProcessMemory or WriteProcessMemory request was completed. (0x12B)
[0706/183823.781:WARNING:pe_image_reader.cc(340)] could not read dos header from C:\WINDOWS\SYSTEM32\WINSPOOL.DRV
[0706/183823.781:ERROR:process_memory_win.cc(73)] ReadMemory at 0x7ffff10f0000 of 64 bytes failed: Only part of a ReadProcessMemory or WriteProcessMemory request was completed. (0x12B)
[0706/183823.781:WARNING:pe_image_reader.cc(340)] could not read dos header from C:\WINDOWS\System32\kernel.appcore.dll
[0706/183823.781:ERROR:process_memory_win.cc(73)] ReadMemory at 0x7ffff19d0000 of 64 bytes failed: Only part of a ReadProcessMemory or WriteProcessMemory request was completed. (0x12B)
[0706/183823.781:WARNING:pe_image_reader.cc(340)] could not read dos header from C:\WINDOWS\System32\bcrypt.dll
[0706/183823.781:ERROR:process_memory_win.cc(73)] ReadMemory at 0x7fffefa50000 of 64 bytes failed: Only part of a ReadProcessMemory or WriteProcessMemory request was completed. (0x12B)
[0706/183823.781:WARNING:pe_image_reader.cc(340)] could not read dos header from C:\WINDOWS\SYSTEM32\dbghelp.dll
[0706/183823.781:ERROR:process_memory_win.cc(73)] ReadMemory at 0x7fffe94f0000 of 64 bytes failed: Only part of a ReadProcessMemory or WriteProcessMemory request was completed. (0x12B)
[0706/183823.781:WARNING:pe_image_reader.cc(340)] could not read dos header from C:\WINDOWS\SYSTEM32\WINHTTP.dll
[0706/183823.781:ERROR:process_memory_win.cc(73)] ReadMemory at 0x7fffea5c0000 of 64 bytes failed: Only part of a ReadProcessMemory or WriteProcessMemory request was completed. (0x12B)
[0706/183823.781:WARNING:pe_image_reader.cc(340)] could not read dos header from C:\WINDOWS\SYSTEM32\dhcpcsvc.DLL
[0706/183823.781:ERROR:process_memory_win.cc(73)] ReadMemory at 0x7ffff2330000 of 64 bytes failed: Only part of a ReadProcessMemory or WriteProcessMemory request was completed. (0x12B)
[0706/183823.781:WARNING:pe_image_reader.cc(340)] could not read dos header from C:\WINDOWS\System32\NSI.dll
[0706/183823.781:ERROR:process_memory_win.cc(73)] ReadMemory at 0x7fffe8290000 of 64 bytes failed: Only part of a ReadProcessMemory or WriteProcessMemory request was completed. (0x12B)
[0706/183823.781:WARNING:pe_image_reader.cc(340)] could not read dos header from C:\WINDOWS\SYSTEM32\WINMMBASE.dll
[0706/183823.781:ERROR:process_memory_win.cc(73)] ReadMemory at 0x7ffff1630000 of 64 bytes failed: Only part of a ReadProcessMemory or WriteProcessMemory request was completed. (0x12B)
[0706/183823.781:WARNING:pe_image_reader.cc(340)] could not read dos header from C:\WINDOWS\System32\cfgmgr32.dll
[0706/183823.781:ERROR:process_memory_win.cc(73)] ReadMemory at 0x7fffed8d0000 of 64 bytes failed: Only part of a ReadProcessMemory or WriteProcessMemory request was completed. (0x12B)
[0706/183823.781:WARNING:pe_image_reader.cc(340)] could not read dos header from C:\WINDOWS\SYSTEM32\PROPSYS.dll
[0706/183823.781:ERROR:process_memory_win.cc(73)] ReadMemory at 0x7ffff3240000 of 64 bytes failed: Only part of a ReadProcessMemory or WriteProcessMemory request was completed. (0x12B)
[0706/183823.781:WARNING:pe_image_reader.cc(340)] could not read dos header from C:\WINDOWS\System32\shcore.dll
[0706/183823.781:ERROR:process_memory_win.cc(73)] ReadMemory at 0x7ffff0fd0000 of 64 bytes failed: Only part of a ReadProcessMemory or WriteProcessMemory request was completed. (0x12B)
[0706/183823.781:WARNING:pe_image_reader.cc(340)] could not read dos header from C:\WINDOWS\SYSTEM32\SSPICLI.DLL
[0706/183823.781:ERROR:process_memory_win.cc(73)] ReadMemory at 0x7ffff0b20000 of 64 bytes failed: Only part of a ReadProcessMemory or WriteProcessMemory request was completed. (0x12B)
[0706/183823.781:WARNING:pe_image_reader.cc(340)] could not read dos header from C:\WINDOWS\SYSTEM32\CRYPTBASE.DLL
[0706/183823.781:ERROR:process_memory_win.cc(73)] ReadMemory at 0x7ff614180000 of 64 bytes failed: Only part of a ReadProcessMemory or WriteProcessMemory request was completed. (0x12B)
[0706/183823.781:WARNING:pe_image_reader.cc(340)] could not read dos header from C:\Program Files (x86)\Google\Chrome\Application\chrome.exe
[0706/183823.781:ERROR:process_memory_win.cc(73)] ReadMemory at 0x7ffff4220000 of 64 bytes failed: Only part of a ReadProcessMemory or WriteProcessMemory request was completed. (0x12B)
[0706/183823.781:WARNING:pe_image_reader.cc(340)] could not read dos header from C:\WINDOWS\SYSTEM32\ntdll.dll
[0706/183823.781:ERROR:process_memory_win.cc(73)] ReadMemory at 0x7ffff3c40000 of 64 bytes failed: Only part of a ReadProcessMemory or WriteProcessMemory request was completed. (0x12B)
[0706/183823.781:WARNING:pe_image_reader.cc(340)] could not read dos header from C:\WINDOWS\System32\KERNEL32.DLL
[0706/183823.781:ERROR:process_memory_win.cc(73)] ReadMemory at 0x7ffff1680000 of 64 bytes failed: Only part of a ReadProcessMemory or WriteProcessMemory request was completed. (0x12B)
[0706/183823.781:WARNING:pe_image_reader.cc(340)] could not read dos header from C:\WINDOWS\System32\KERNELBASE.dll
[0706/183823.781:ERROR:process_memory_win.cc(73)] ReadMemory at 0x7fffe2410000 of 64 bytes failed: Only part of a ReadProcessMemory or WriteProcessMemory request was completed. (0x12B)
[0706/183823.781:WARNING:pe_image_reader.cc(340)] could not read dos header from C:\Program Files (x86)\Google\Chrome\Application\83.0.4103.116\chrome_elf.dll
[0706/183823.781:ERROR:process_memory_win.cc(73)] ReadMemory at 0x7fffeb090000 of 64 bytes failed: Only part of a ReadProcessMemory or WriteProcessMemory request was completed. (0x12B)
[0706/183823.781:WARNING:pe_image_reader.cc(340)] could not read dos header from C:\WINDOWS\SYSTEM32\VERSION.dll
[0706/183823.781:ERROR:process_memory_win.cc(73)] ReadMemory at 0x7ffff2b80000 of 64 bytes failed: Only part of a ReadProcessMemory or WriteProcessMemory request was completed. (0x12B)
[0706/183823.781:WARNING:pe_image_reader.cc(340)] could not read dos header from C:\WINDOWS\System32\msvcrt.dll
[0706/183823.781:ERROR:process_memory_win.cc(73)] ReadMemory at 0x7ffff12e0000 of 64 bytes failed: Only part of a ReadProcessMemory or WriteProcessMemory request was completed. (0x12B)
[0706/183823.781:WARNING:pe_image_reader.cc(340)] could not read dos header from C:\WINDOWS\System32\bcryptPrimitives.dll
[0706/183823.781:ERROR:process_memory_win.cc(73)] ReadMemory at 0x7ffff32f0000 of 64 bytes failed: Only part of a ReadProcessMemory or WriteProcessMemory request was completed. (0x12B)
[0706/183823.781:WARNING:pe_image_reader.cc(340)] could not read dos header from C:\WINDOWS\System32\ADVAPI32.dll
[0706/183823.781:ERROR:process_memory_win.cc(73)] ReadMemory at 0x7ffff2cc0000 of 64 bytes failed: Only part of a ReadProcessMemory or WriteProcessMemory request was completed. (0x12B)
[0706/183823.781:WARNING:pe_image_reader.cc(340)] could not read dos header from C:\WINDOWS\System32\sechost.dll
[0706/183823.781:ERROR:process_memory_win.cc(73)] ReadMemory at 0x7ffff24d0000 of 64 bytes failed: Only part of a ReadProcessMemory or WriteProcessMemory request was completed. (0x12B)
[0706/183823.781:WARNING:pe_image_reader.cc(340)] could not read dos header from C:\WINDOWS\System32\RPCRT4.dll
[0706/183823.781:ERROR:process_memory_win.cc(73)] ReadMemory at 0x7fff7d540000 of 64 bytes failed: Only part of a ReadProcessMemory or WriteProcessMemory request was completed. (0x12B)
[0706/183823.781:WARNING:pe_image_reader.cc(340)] could not read dos header from C:\Program Files (x86)\Google\Chrome\Application\83.0.4103.116\chrome.dll
[0706/183823.781:ERROR:process_memory_win.cc(73)] ReadMemory at 0x7ffff4170000 of 64 bytes failed: Only part of a ReadProcessMemory or WriteProcessMemory request was completed. (0x12B)
[0706/183823.781:WARNING:pe_image_reader.cc(340)] could not read dos header from C:\WINDOWS\System32\WS2_32.dll
[0706/183823.781:ERROR:process_memory_win.cc(73)] ReadMemory at 0x7ffff27f0000 of 64 bytes failed: Only part of a ReadProcessMemory or WriteProcessMemory request was completed. (0x12B)
[0706/183823.781:WARNING:pe_image_reader.cc(340)] could not read dos header from C:\WINDOWS\System32\OLEAUT32.dll
[0706/183823.781:ERROR:process_memory_win.cc(73)] ReadMemory at 0x7ffff1930000 of 64 bytes failed: Only part of a ReadProcessMemory or WriteProcessMemory request was completed. (0x12B)
[0706/183823.781:WARNING:pe_image_reader.cc(340)] could not read dos header from C:\WINDOWS\System32\msvcp_win.dll
[0706/183823.781:ERROR:process_memory_win.cc(73)] ReadMemory at 0x7ffff11e0000 of 64 bytes failed: Only part of a ReadProcessMemory or WriteProcessMemory request was completed. (0x12B)
[0706/183823.781:WARNING:pe_image_reader.cc(340)] could not read dos header from C:\WINDOWS\System32\ucrtbase.dll
[0706/183823.781:ERROR:process_memory_win.cc(73)] ReadMemory at 0x7ffff2f00000 of 64 bytes failed: Only part of a ReadProcessMemory or WriteProcessMemory request was completed. (0x12B)
[0706/183823.781:WARNING:pe_image_reader.cc(340)] could not read dos header from C:\WINDOWS\System32\combase.dll
[0706/183823.789:ERROR:process_memory_win.cc(73)] ReadMemory at 0x7ffff15b0000 of 64 bytes failed: Only part of a ReadProcessMemory or WriteProcessMemory request was completed. (0x12B)
[0706/183823.789:WARNING:pe_image_reader.cc(340)] could not read dos header from C:\WINDOWS\System32\WINTRUST.dll
[0706/183823.789:ERROR:process_memory_win.cc(73)] ReadMemory at 0x7ffff1110000 of 64 bytes failed: Only part of a ReadProcessMemory or WriteProcessMemory request was completed. (0x12B)
[0706/183823.789:WARNING:pe_image_reader.cc(340)] could not read dos header from C:\WINDOWS\System32\MSASN1.dll
[0706/183823.789:ERROR:process_memory_win.cc(73)] ReadMemory at 0x7ffff2180000 of 64 bytes failed: Only part of a ReadProcessMemory or WriteProcessMemory request was completed. (0x12B)
[0706/183823.789:WARNING:pe_image_reader.cc(340)] could not read dos header from C:\WINDOWS\System32\CRYPT32.dll
[0706/183823.789:ERROR:process_memory_win.cc(73)] ReadMemory at 0x7ffff0660000 of 64 bytes failed: Only part of a ReadProcessMemory or WriteProcessMemory request was completed. (0x12B)
[0706/183823.789:WARNING:pe_image_reader.cc(340)] could not read dos header from C:\WINDOWS\SYSTEM32\IPHLPAPI.DLL
[0706/183823.789:ERROR:process_memory_win.cc(73)] ReadMemory at 0x7fffe85c0000 of 64 bytes failed: Only part of a ReadProcessMemory or WriteProcessMemory request was completed. (0x12B)
[0706/183823.789:WARNING:pe_image_reader.cc(340)] could not read dos header from C:\WINDOWS\SYSTEM32\WINMM.dll
[0706/183823.789:ERROR:process_memory_win.cc(73)] ReadMemory at 0x7fffdf560000 of 64 bytes failed: Only part of a ReadProcessMemory or WriteProcessMemory request was completed. (0x12B)
[0706/183823.789:WARNING:pe_image_reader.cc(340)] could not read dos header from C:\WINDOWS\SYSTEM32\Secur32.dll
[0706/183823.789:ERROR:process_memory_win.cc(73)] ReadMemory at 0x7ffff1000000 of 64 bytes failed: Only part of a ReadProcessMemory or WriteProcessMemory request was completed. (0x12B)
[0706/183823.789:WARNING:pe_image_reader.cc(340)] could not read dos header from C:\WINDOWS\SYSTEM32\USERENV.dll
[0706/183823.789:ERROR:process_memory_win.cc(73)] ReadMemory at 0x7ffff1130000 of 64 bytes failed: Only part of a ReadProcessMemory or WriteProcessMemory request was completed. (0x12B)
[0706/183823.789:WARNING:pe_image_reader.cc(340)] could not read dos header from C:\WINDOWS\System32\profapi.dll
[0706/183823.789:ERROR:process_memory_win.cc(73)] ReadMemory at 0x7fffca730000 of 64 bytes failed: Only part of a ReadProcessMemory or WriteProcessMemory request was completed. (0x12B)
[0706/183823.789:WARNING:pe_image_reader.cc(340)] could not read dos header from C:\WINDOWS\SYSTEM32\UIAutomationCore.DLL
[0706/183823.789:ERROR:process_memory_win.cc(73)] ReadMemory at 0x7fffe4270000 of 64 bytes failed: Only part of a ReadProcessMemory or WriteProcessMemory request was completed. (0x12B)
[0706/183823.789:WARNING:pe_image_reader.cc(340)] could not read dos header from C:\WINDOWS\SYSTEM32\DWrite.dll
[0706/183823.792:ERROR:process_memory_win.cc(73)] ReadMemory at 0x7fffc8f40000 of 64 bytes failed: Only part of a ReadProcessMemory or WriteProcessMemory request was completed. (0x12B)
[0706/183823.792:WARNING:pe_image_reader.cc(340)] could not read dos header from C:\WINDOWS\SYSTEM32\WINSPOOL.DRV
[0706/183823.792:ERROR:process_memory_win.cc(73)] ReadMemory at 0x7ffff10f0000 of 64 bytes failed: Only part of a ReadProcessMemory or WriteProcessMemory request was completed. (0x12B)
[0706/183823.792:WARNING:pe_image_reader.cc(340)] could not read dos header from C:\WINDOWS\System32\kernel.appcore.dll
[0706/183823.792:ERROR:process_memory_win.cc(73)] ReadMemory at 0x7ffff19d0000 of 64 bytes failed: Only part of a ReadProcessMemory or WriteProcessMemory request was completed. (0x12B)
[0706/183823.792:WARNING:pe_image_reader.cc(340)] could not read dos header from C:\WINDOWS\System32\bcrypt.dll
[0706/183823.792:ERROR:process_memory_win.cc(73)] ReadMemory at 0x7fffefa50000 of 64 bytes failed: Only part of a ReadProcessMemory or WriteProcessMemory request was completed. (0x12B)
[0706/183823.792:WARNING:pe_image_reader.cc(340)] could not read dos header from C:\WINDOWS\SYSTEM32\dbghelp.dll
[0706/183823.792:ERROR:process_memory_win.cc(73)] ReadMemory at 0x7fffe94f0000 of 64 bytes failed: Only part of a ReadProcessMemory or WriteProcessMemory request was completed. (0x12B)
[0706/183823.792:WARNING:pe_image_reader.cc(340)] could not read dos header from C:\WINDOWS\SYSTEM32\WINHTTP.dll
[0706/183823.792:ERROR:process_memory_win.cc(73)] ReadMemory at 0x7fffea5c0000 of 64 bytes failed: Only part of a ReadProcessMemory or WriteProcessMemory request was completed. (0x12B)
[0706/183823.792:WARNING:pe_image_reader.cc(340)] could not read dos header from C:\WINDOWS\SYSTEM32\dhcpcsvc.DLL
[0706/183823.792:ERROR:process_memory_win.cc(73)] ReadMemory at 0x7ffff2330000 of 64 bytes failed: Only part of a ReadProcessMemory or WriteProcessMemory request was completed. (0x12B)
[0706/183823.792:WARNING:pe_image_reader.cc(340)] could not read dos header from C:\WINDOWS\System32\NSI.dll
[0706/183823.792:ERROR:process_memory_win.cc(73)] ReadMemory at 0x7fffe8290000 of 64 bytes failed: Only part of a ReadProcessMemory or WriteProcessMemory request was completed. (0x12B)
[0706/183823.792:WARNING:pe_image_reader.cc(340)] could not read dos header from C:\WINDOWS\SYSTEM32\WINMMBASE.dll
[0706/183823.792:ERROR:process_memory_win.cc(73)] ReadMemory at 0x7ffff1630000 of 64 bytes failed: Only part of a ReadProcessMemory or WriteProcessMemory request was completed. (0x12B)
[0706/183823.792:WARNING:pe_image_reader.cc(340)] could not read dos header from C:\WINDOWS\System32\cfgmgr32.dll
[0706/183823.792:ERROR:process_memory_win.cc(73)] ReadMemory at 0x7fffed8d0000 of 64 bytes failed: Only part of a ReadProcessMemory or WriteProcessMemory request was completed. (0x12B)
[0706/183823.792:WARNING:pe_image_reader.cc(340)] could not read dos header from C:\WINDOWS\SYSTEM32\PROPSYS.dll
[0706/183823.792:ERROR:process_memory_win.cc(73)] ReadMemory at 0x7ffff3240000 of 64 bytes failed: Only part of a ReadProcessMemory or WriteProcessMemory request was completed. (0x12B)
[0706/183823.792:WARNING:pe_image_reader.cc(340)] could not read dos header from C:\WINDOWS\System32\shcore.dll
[0706/183823.792:ERROR:process_memory_win.cc(73)] ReadMemory at 0x7ffff0fd0000 of 64 bytes failed: Only part of a ReadProcessMemory or WriteProcessMemory request was completed. (0x12B)
[0706/183823.792:WARNING:pe_image_reader.cc(340)] could not read dos header from C:\WINDOWS\SYSTEM32\SSPICLI.DLL
[0706/183823.792:ERROR:process_memory_win.cc(73)] ReadMemory at 0x7ffff0b20000 of 64 bytes failed: Only part of a ReadProcessMemory or WriteProcessMemory request was completed. (0x12B)
[0706/183823.792:WARNING:pe_image_reader.cc(340)] could not read dos header from C:\WINDOWS\SYSTEM32\CRYPTBASE.DLL
[0706/183823.868:ERROR:process_memory_win.cc(73)] ReadMemory at 0x34555ed000 of 77824 bytes failed: Only part of a ReadProcessMemory or WriteProcessMemory request was completed. (0x12B)
[0706/183823.868:ERROR:process_memory_win.cc(73)] ReadMemory at 0x3455dfd000 of 12288 bytes failed: Only part of a ReadProcessMemory or WriteProcessMemory request was completed. (0x12B)
[0706/183823.868:ERROR:process_memory_win.cc(73)] ReadMemory at 0x3456dfc000 of 16384 bytes failed: Only part of a ReadProcessMemory or WriteProcessMemory request was completed. (0x12B)
[0706/183823.868:ERROR:process_memory_win.cc(73)] ReadMemory at 0x34575fc000 of 16384 bytes failed: Only part of a ReadProcessMemory or WriteProcessMemory request was completed. (0x12B)
[0706/183823.868:ERROR:process_memory_win.cc(73)] ReadMemory at 0x3457dfe000 of 8192 bytes failed: Only part of a ReadProcessMemory or WriteProcessMemory request was completed. (0x12B)
[0706/183823.868:ERROR:process_memory_win.cc(73)] ReadMemory at 0x34585fd000 of 12288 bytes failed: Only part of a ReadProcessMemory or WriteProcessMemory request was completed. (0x12B)
[0706/183823.868:ERROR:process_memory_win.cc(73)] ReadMemory at 0x3458dfb000 of 20480 bytes failed: Only part of a ReadProcessMemory or WriteProcessMemory request was completed. (0x12B)
[0706/183823.868:ERROR:process_memory_win.cc(73)] ReadMemory at 0x34595fd000 of 12288 bytes failed: Only part of a ReadProcessMemory or WriteProcessMemory request was completed. (0x12B)
[0706/183823.876:ERROR:process_memory_win.cc(73)] ReadMemory at 0x3459df5000 of 45056 bytes failed: Only part of a ReadProcessMemory or WriteProcessMemory request was completed. (0x12B)
[0706/183823.876:ERROR:process_memory_win.cc(73)] ReadMemory at 0x345a5f5000 of 45056 bytes failed: Only part of a ReadProcessMemory or WriteProcessMemory request was completed. (0x12B)
[0706/183823.876:ERROR:process_memory_win.cc(73)] ReadMemory at 0x345adfc000 of 16384 bytes failed: Only part of a ReadProcessMemory or WriteProcessMemory request was completed. (0x12B)
[0706/183823.876:ERROR:process_memory_win.cc(73)] ReadMemory at 0x34565fd000 of 12288 bytes failed: Only part of a ReadProcessMemory or WriteProcessMemory request was completed. (0x12B)
[0706/183823.876:ERROR:process_memory_win.cc(73)] ReadMemory at 0x345bdf6000 of 40960 bytes failed: Only part of a ReadProcessMemory or WriteProcessMemory request was completed. (0x12B)
[0706/183823.876:ERROR:process_memory_win.cc(73)] ReadMemory at 0x345b5fe000 of 8192 bytes failed: Only part of a ReadProcessMemory or WriteProcessMemory request was completed. (0x12B)
[0706/183823.876:ERROR:process_memory_win.cc(73)] ReadMemory at 0x3454cec000 of 6024 bytes failed: Only part of a ReadProcessMemory or WriteProcessMemory request was completed. (0x12B)
[0706/183823.876:ERROR:process_memory_win.cc(73)] ReadMemory at 0x3454cf6000 of 6024 bytes failed: Only part of a ReadProcessMemory or WriteProcessMemory request was completed. (0x12B)
[0706/183823.876:ERROR:process_memory_win.cc(73)] ReadMemory at 0x3454dbb000 of 852 bytes failed: Only part of a ReadProcessMemory or WriteProcessMemory request was completed. (0x12B)
[0706/183823.876:ERROR:process_memory_win.cc(73)] ReadMemory at 0x3454dbc000 of 6024 bytes failed: Only part of a ReadProcessMemory or WriteProcessMemory request was completed. (0x12B)
[0706/183823.876:ERROR:process_memory_win.cc(73)] ReadMemory at 0x3454dbe000 of 6024 bytes failed: Only part of a ReadProcessMemory or WriteProcessMemory request was completed. (0x12B)
[0706/183823.876:ERROR:process_memory_win.cc(73)] ReadMemory at 0x3454dc2000 of 6024 bytes failed: Only part of a ReadProcessMemory or WriteProcessMemory request was completed. (0x12B)
[0706/183823.876:ERROR:process_memory_win.cc(73)] ReadMemory at 0x3454dc4000 of 6024 bytes failed: Only part of a ReadProcessMemory or WriteProcessMemory request was completed. (0x12B)
[0706/183823.876:ERROR:process_memory_win.cc(73)] ReadMemory at 0x3454dc6000 of 6024 bytes failed: Only part of a ReadProcessMemory or WriteProcessMemory request was completed. (0x12B)
[0706/183823.876:ERROR:process_memory_win.cc(73)] ReadMemory at 0x3454dc8000 of 6024 bytes failed: Only part of a ReadProcessMemory or WriteProcessMemory request was completed. (0x12B)
[0706/183823.876:ERROR:process_memory_win.cc(73)] ReadMemory at 0x3454dca000 of 6024 bytes failed: Only part of a ReadProcessMemory or WriteProcessMemory request was completed. (0x12B)
[0706/183823.876:ERROR:process_memory_win.cc(73)] ReadMemory at 0x3454dcc000 of 6024 bytes failed: Only part of a ReadProcessMemory or WriteProcessMemory request was completed. (0x12B)
[0706/183823.876:ERROR:process_memory_win.cc(73)] ReadMemory at 0x3454dce000 of 6024 bytes failed: Only part of a ReadProcessMemory or WriteProcessMemory request was completed. (0x12B)
[0706/183823.876:ERROR:process_memory_win.cc(73)] ReadMemory at 0x3454dd0000 of 6024 bytes failed: Only part of a ReadProcessMemory or WriteProcessMemory request was completed. (0x12B)
[0706/183823.876:ERROR:process_memory_win.cc(73)] ReadMemory at 0x3454dd2000 of 6024 bytes failed: Only part of a ReadProcessMemory or WriteProcessMemory request was completed. (0x12B)
[0706/183823.876:ERROR:process_memory_win.cc(73)] ReadMemory at 0x3454dda000 of 6024 bytes failed: Only part of a ReadProcessMemory or WriteProcessMemory request was completed. (0x12B)
[0706/183823.876:ERROR:process_memory_win.cc(73)] ReadMemory at 0x1bd096b0fe0 of 20626 bytes failed: Only part of a ReadProcessMemory or WriteProcessMemory request was completed. (0x12B)
[0706/183823.876:ERROR:process_memory_win.cc(73)] ReadMemory at 0x1bd096b6080 of 1012 bytes failed: Only part of a ReadProcessMemory or WriteProcessMemory request was completed. (0x12B)
[0706/183823.876:ERROR:process_memory_win.cc(73)] ReadMemory at 0x1bd096b66c8 of 118 bytes failed: Only part of a ReadProcessMemory or WriteProcessMemory request was completed. (0x12B)
[0706/183823.876:ERROR:process_memory_win.cc(73)] ReadMemory at 0x1bd096b6740 of 1082 bytes failed: Only part of a ReadProcessMemory or WriteProcessMemory request was completed. (0x12B)
[0706/183823.876:ERROR:process_memory_win.cc(73)] ReadMemory at 0x1bd096b6b7c of 118 bytes failed: Only part of a ReadProcessMemory or WriteProcessMemory request was completed. (0x12B)
[0706/183823.876:ERROR:process_memory_win.cc(73)] ReadMemory at 0x1bd096b6bf4 of 102 bytes failed: Only part of a ReadProcessMemory or WriteProcessMemory request was completed. (0x12B)
[0706/183823.876:ERROR:process_memory_win.cc(73)] ReadMemory at 0x1bd096b6c70 of 58 bytes failed: Only part of a ReadProcessMemory or WriteProcessMemory request was completed. (0x12B)
[0706/183823.876:ERROR:process_memory_win.cc(73)] ReadMemory at 0x1bd096b6d70 of 132 bytes failed: Only part of a ReadProcessMemory or WriteProcessMemory request was completed. (0x12B)
[0706/183823.876:ERROR:process_memory_win.cc(73)] ReadMemory at 0x1bd096b6f00 of 132 bytes failed: Only part of a ReadProcessMemory or WriteProcessMemory request was completed. (0x12B)
[0706/183823.876:ERROR:process_memory_win.cc(73)] ReadMemory at 0x1bd096b70c0 of 126 bytes failed: Only part of a ReadProcessMemory or WriteProcessMemory request was completed. (0x12B)
[0706/183823.876:ERROR:process_memory_win.cc(73)] ReadMemory at 0x1bd096b74a0 of 132 bytes failed: Only part of a ReadProcessMemory or WriteProcessMemory request was completed. (0x12B)
[0706/183823.876:ERROR:process_memory_win.cc(73)] ReadMemory at 0x1bd096b7630 of 64 bytes failed: Only part of a ReadProcessMemory or WriteProcessMemory request was completed. (0x12B)
[0706/183823.876:ERROR:process_memory_win.cc(73)] ReadMemory at 0x1bd096b7680 of 132 bytes failed: Only part of a ReadProcessMemory or WriteProcessMemory request was completed. (0x12B)
[0706/183823.876:ERROR:process_memory_win.cc(73)] ReadMemory at 0x1bd096b77f0 of 132 bytes failed: Only part of a ReadProcessMemory or WriteProcessMemory request was completed. (0x12B)
[0706/183823.876:ERROR:process_memory_win.cc(73)] ReadMemory at 0x1bd096b7a90 of 132 bytes failed: Only part of a ReadProcessMemory or WriteProcessMemory request was completed. (0x12B)
[0706/183823.876:ERROR:process_memory_win.cc(73)] ReadMemory at 0x1bd096b7c20 of 68 bytes failed: Only part of a ReadProcessMemory or WriteProcessMemory request was completed. (0x12B)
[0706/183823.876:ERROR:process_memory_win.cc(73)] ReadMemory at 0x1bd096b8d90 of 132 bytes failed: Only part of a ReadProcessMemory or WriteProcessMemory request was completed. (0x12B)
[0706/183823.876:ERROR:process_memory_win.cc(73)] ReadMemory at 0x1bd096b8f20 of 154 bytes failed: Only part of a ReadProcessMemory or WriteProcessMemory request was completed. (0x12B)
[0706/183823.876:ERROR:process_memory_win.cc(73)] ReadMemory at 0x1bd096baa20 of 132 bytes failed: Only part of a ReadProcessMemory or WriteProcessMemory request was completed. (0x12B)
[0706/183823.876:ERROR:process_memory_win.cc(73)] ReadMemory at 0x1bd096bbc00 of 62 bytes failed: Only part of a ReadProcessMemory or WriteProcessMemory request was completed. (0x12B)
[0706/183823.876:ERROR:process_memory_win.cc(73)] ReadMemory at 0x1bd096bbd60 of 132 bytes failed: Only part of a ReadProcessMemory or WriteProcessMemory request was completed. (0x12B)
[0706/183823.876:ERROR:process_memory_win.cc(73)] ReadMemory at 0x1bd096bbef0 of 60 bytes failed: Only part of a ReadProcessMemory or WriteProcessMemory request was completed. (0x12B)
[0706/183823.876:ERROR:process_memory_win.cc(73)] ReadMemory at 0x1bd096bc150 of 132 bytes failed: Only part of a ReadProcessMemory or WriteProcessMemory request was completed. (0x12B)
[0706/183823.876:ERROR:process_memory_win.cc(73)] ReadMemory at 0x1bd096bc280 of 132 bytes failed: Only part of a ReadProcessMemory or WriteProcessMemory request was completed. (0x12B)
[0706/183823.876:ERROR:process_memory_win.cc(73)] ReadMemory at 0x1bd096bf190 of 132 bytes failed: Only part of a ReadProcessMemory or WriteProcessMemory request was completed. (0x12B)
[0706/183823.876:ERROR:process_memory_win.cc(73)] ReadMemory at 0x1bd096bf320 of 80 bytes failed: Only part of a ReadProcessMemory or WriteProcessMemory request was completed. (0x12B)
[0706/183823.876:ERROR:process_memory_win.cc(73)] ReadMemory at 0x1bd096bfcf0 of 60 bytes failed: Only part of a ReadProcessMemory or WriteProcessMemory request was completed. (0x12B)
[0706/183823.876:ERROR:process_memory_win.cc(73)] ReadMemory at 0x1bd096bfd40 of 64 bytes failed: Only part of a ReadProcessMemory or WriteProcessMemory request was completed. (0x12B)
[0706/183823.876:ERROR:process_memory_win.cc(73)] ReadMemory at 0x1bd096bfde0 of 60 bytes failed: Only part of a ReadProcessMemory or WriteProcessMemory request was completed. (0x12B)
[0706/183823.876:ERROR:process_memory_win.cc(73)] ReadMemory at 0x1bd096bfe30 of 62 bytes failed: Only part of a ReadProcessMemory or WriteProcessMemory request was completed. (0x12B)
[0706/183823.876:ERROR:process_memory_win.cc(73)] ReadMemory at 0x1bd096bfe80 of 64 bytes failed: Only part of a ReadProcessMemory or WriteProcessMemory request was completed. (0x12B)
[0706/183823.876:ERROR:process_memory_win.cc(73)] ReadMemory at 0x1bd096bffc0 of 62 bytes failed: Only part of a ReadProcessMemory or WriteProcessMemory request was completed. (0x12B)
[0706/183823.876:ERROR:process_memory_win.cc(73)] ReadMemory at 0x1bd096c02e0 of 64 bytes failed: Only part of a ReadProcessMemory or WriteProcessMemory request was completed. (0x12B)
[0706/183823.876:ERROR:process_memory_win.cc(73)] ReadMemory at 0x1bd096c0330 of 66 bytes failed: Only part of a ReadProcessMemory or WriteProcessMemory request was completed. (0x12B)
[0706/183823.876:ERROR:process_memory_win.cc(73)] ReadMemory at 0x1bd096c0380 of 64 bytes failed: Only part of a ReadProcessMemory or WriteProcessMemory request was completed. (0x12B)
[0706/183823.876:ERROR:process_memory_win.cc(73)] ReadMemory at 0x1bd096c0930 of 76 bytes failed: Only part of a ReadProcessMemory or WriteProcessMemory request was completed. (0x12B)
[0706/183823.876:ERROR:process_memory_win.cc(73)] ReadMemory at 0x1bd096c0ab0 of 80 bytes failed: Only part of a ReadProcessMemory or WriteProcessMemory request was completed. (0x12B)
[0706/183823.876:ERROR:process_memory_win.cc(73)] ReadMemory at 0x1bd096c3af0 of 132 bytes failed: Only part of a ReadProcessMemory or WriteProcessMemory request was completed. (0x12B)
[0706/183823.876:ERROR:process_memory_win.cc(73)] ReadMemory at 0x1bd096c3c20 of 132 bytes failed: Only part of a ReadProcessMemory or WriteProcessMemory request was completed. (0x12B)
[0706/183823.876:ERROR:process_memory_win.cc(73)] ReadMemory at 0x1bd096c3d50 of 132 bytes failed: Only part of a ReadProcessMemory or WriteProcessMemory request was completed. (0x12B)
[0706/183823.876:ERROR:process_memory_win.cc(73)] ReadMemory at 0x1bd096c3e80 of 132 bytes failed: Only part of a ReadProcessMemory or WriteProcessMemory request was completed. (0x12B)
[0706/183823.876:ERROR:process_memory_win.cc(73)] ReadMemory at 0x1bd096c40e0 of 132 bytes failed: Only part of a ReadProcessMemory or WriteProcessMemory request was completed. (0x12B)
[0706/183823.934:ERROR:process_memory_win.cc(73)] ReadMemory at 0x1bd096c4210 of 132 bytes failed: Only part of a ReadProcessMemory or WriteProcessMemory request was completed. (0x12B)
[0706/183823.934:ERROR:process_memory_win.cc(73)] ReadMemory at 0x1bd096c4340 of 132 bytes failed: Only part of a ReadProcessMemory or WriteProcessMemory request was completed. (0x12B)
[0706/183823.934:ERROR:process_memory_win.cc(73)] ReadMemory at 0x1bd096c4470 of 132 bytes failed: Only part of a ReadProcessMemory or WriteProcessMemory request was completed. (0x12B)
[0706/183823.934:ERROR:process_memory_win.cc(73)] ReadMemory at 0x1bd096c45a0 of 132 bytes failed: Only part of a ReadProcessMemory or WriteProcessMemory request was completed. (0x12B)
[0706/183823.934:ERROR:process_memory_win.cc(73)] ReadMemory at 0x1bd096c46d0 of 132 bytes failed: Only part of a ReadProcessMemory or WriteProcessMemory request was completed. (0x12B)
[0706/183823.934:ERROR:process_memory_win.cc(73)] ReadMemory at 0x1bd096c4800 of 132 bytes failed: Only part of a ReadProcessMemory or WriteProcessMemory request was completed. (0x12B)
[0706/183823.934:ERROR:process_memory_win.cc(73)] ReadMemory at 0x1bd096c4930 of 132 bytes failed: Only part of a ReadProcessMemory or WriteProcessMemory request was completed. (0x12B)
[0706/183823.934:ERROR:process_memory_win.cc(73)] ReadMemory at 0x1bd096c7460 of 132 bytes failed: Only part of a ReadProcessMemory or WriteProcessMemory request was completed. (0x12B)
[0706/183823.934:ERROR:process_memory_win.cc(73)] ReadMemory at 0x1bd096c7590 of 146 bytes failed: Only part of a ReadProcessMemory or WriteProcessMemory request was completed. (0x12B)
[0706/183823.934:ERROR:process_memory_win.cc(73)] ReadMemory at 0x1bd096c9b80 of 54 bytes failed: Only part of a ReadProcessMemory or WriteProcessMemory request was completed. (0x12B)
[0706/183823.934:ERROR:process_memory_win.cc(73)] ReadMemory at 0x1bd096ca2a0 of 132 bytes failed: Only part of a ReadProcessMemory or WriteProcessMemory request was completed. (0x12B)
[0706/183823.934:ERROR:process_memory_win.cc(73)] ReadMemory at 0x1bd096cad00 of 132 bytes failed: Only part of a ReadProcessMemory or WriteProcessMemory request was completed. (0x12B)
[0706/183823.934:ERROR:process_memory_win.cc(73)] ReadMemory at 0x1bd096cbaa0 of 132 bytes failed: Only part of a ReadProcessMemory or WriteProcessMemory request was completed. (0x12B)
[0706/183823.942:ERROR:process_memory_win.cc(73)] ReadMemory at 0x1bd096cbbd0 of 132 bytes failed: Only part of a ReadProcessMemory or WriteProcessMemory request was completed. (0x12B)
[0706/183823.942:ERROR:process_memory_win.cc(73)] ReadMemory at 0x1bd096cc070 of 62 bytes failed: Only part of a ReadProcessMemory or WriteProcessMemory request was completed. (0x12B)
[0706/183823.942:ERROR:process_memory_win.cc(73)] ReadMemory at 0x1bd096cc0c0 of 64 bytes failed: Only part of a ReadProcessMemory or WriteProcessMemory request was completed. (0x12B)
[0706/183823.942:ERROR:process_memory_win.cc(73)] ReadMemory at 0x1bd096cc390 of 62 bytes failed: Only part of a ReadProcessMemory or WriteProcessMemory request was completed. (0x12B)
[0706/183823.942:ERROR:process_memory_win.cc(73)] ReadMemory at 0x1bd096cc430 of 60 bytes failed: Only part of a ReadProcessMemory or WriteProcessMemory request was completed. (0x12B)
[0706/183823.943:ERROR:process_memory_win.cc(73)] ReadMemory at 0x1bd096cc570 of 62 bytes failed: Only part of a ReadProcessMemory or WriteProcessMemory request was completed. (0x12B)
[0706/183823.943:ERROR:process_memory_win.cc(73)] ReadMemory at 0x1bd096cc5c0 of 62 bytes failed: Only part of a ReadProcessMemory or WriteProcessMemory request was completed. (0x12B)
[0706/183823.944:ERROR:process_memory_win.cc(73)] ReadMemory at 0x1bd096cc610 of 58 bytes failed: Only part of a ReadProcessMemory or WriteProcessMemory request was completed. (0x12B)
[0706/183823.944:ERROR:process_memory_win.cc(73)] ReadMemory at 0x1bd096cc660 of 60 bytes failed: Only part of a ReadProcessMemory or WriteProcessMemory request was completed. (0x12B)
[0706/183823.944:ERROR:process_memory_win.cc(73)] ReadMemory at 0x1bd096cc6b0 of 66 bytes failed: Only part of a ReadProcessMemory or WriteProcessMemory request was completed. (0x12B)
[0706/183823.944:ERROR:process_memory_win.cc(73)] ReadMemory at 0x1bd096cc980 of 60 bytes failed: Only part of a ReadProcessMemory or WriteProcessMemory request was completed. (0x12B)
[0706/183823.945:ERROR:process_memory_win.cc(73)] ReadMemory at 0x1bd096cca20 of 62 bytes failed: Only part of a ReadProcessMemory or WriteProcessMemory request was completed. (0x12B)
[0706/183823.945:ERROR:process_memory_win.cc(73)] ReadMemory at 0x1bd096cca70 of 64 bytes failed: Only part of a ReadProcessMemory or WriteProcessMemory request was completed. (0x12B)
[0706/183823.945:ERROR:process_memory_win.cc(73)] ReadMemory at 0x1bd096ccb60 of 64 bytes failed: Only part of a ReadProcessMemory or WriteProcessMemory request was completed. (0x12B)
[0706/183823.947:ERROR:process_memory_win.cc(73)] ReadMemory at 0x1bd096ccbb0 of 62 bytes failed: Only part of a ReadProcessMemory or WriteProcessMemory request was completed. (0x12B)
[0706/183823.947:ERROR:process_memory_win.cc(73)] ReadMemory at 0x1bd096ccc00 of 62 bytes failed: Only part of a ReadProcessMemory or WriteProcessMemory request was completed. (0x12B)
[0706/183823.947:ERROR:process_memory_win.cc(73)] ReadMemory at 0x1bd096ccd40 of 60 bytes failed: Only part of a ReadProcessMemory or WriteProcessMemory request was completed. (0x12B)
[0706/183823.948:ERROR:process_memory_win.cc(73)] ReadMemory at 0x1bd096ccde0 of 62 bytes failed: Only part of a ReadProcessMemory or WriteProcessMemory request was completed. (0x12B)
[0706/183823.948:ERROR:process_memory_win.cc(73)] ReadMemory at 0x1bd096ccf70 of 64 bytes failed: Only part of a ReadProcessMemory or WriteProcessMemory request was completed. (0x12B)
[0706/183823.948:ERROR:process_memory_win.cc(73)] ReadMemory at 0x1bd096cd4f0 of 132 bytes failed: Only part of a ReadProcessMemory or WriteProcessMemory request was completed. (0x12B)
[0706/183823.948:ERROR:process_memory_win.cc(73)] ReadMemory at 0x1bd096cd750 of 132 bytes failed: Only part of a ReadProcessMemory or WriteProcessMemory request was completed. (0x12B)
[0706/183823.948:ERROR:process_memory_win.cc(73)] ReadMemory at 0x1bd096cd880 of 132 bytes failed: Only part of a ReadProcessMemory or WriteProcessMemory request was completed. (0x12B)
[0706/183823.948:ERROR:process_memory_win.cc(73)] ReadMemory at 0x1bd096cd9b0 of 132 bytes failed: Only part of a ReadProcessMemory or WriteProcessMemory request was completed. (0x12B)
[0706/183823.948:ERROR:process_memory_win.cc(73)] ReadMemory at 0x1bd096ce200 of 132 bytes failed: Only part of a ReadProcessMemory or WriteProcessMemory request was completed. (0x12B)
[0706/183823.948:ERROR:process_memory_win.cc(73)] ReadMemory at 0x1bd096ce460 of 132 bytes failed: Only part of a ReadProcessMemory or WriteProcessMemory request was completed. (0x12B)
[0706/183823.948:ERROR:process_memory_win.cc(73)] ReadMemory at 0x1bd096ce590 of 132 bytes failed: Only part of a ReadProcessMemory or WriteProcessMemory request was completed. (0x12B)
[0706/183823.948:ERROR:process_memory_win.cc(73)] ReadMemory at 0x1bd096ce6c0 of 132 bytes failed: Only part of a ReadProcessMemory or WriteProcessMemory request was completed. (0x12B)
[0706/183823.948:ERROR:process_memory_win.cc(73)] ReadMemory at 0x1bd096ce7f0 of 132 bytes failed: Only part of a ReadProcessMemory or WriteProcessMemory request was completed. (0x12B)
[0706/183823.948:ERROR:process_memory_win.cc(73)] ReadMemory at 0x1bd096cede0 of 132 bytes failed: Only part of a ReadProcessMemory or WriteProcessMemory request was completed. (0x12B)
[0706/183823.948:ERROR:process_memory_win.cc(73)] ReadMemory at 0x1bd096e62b0 of 512 bytes failed: Only part of a ReadProcessMemory or WriteProcessMemory request was completed. (0x12B)
[0706/183823.948:ERROR:process_memory_win.cc(73)] ReadMemory at 0x1bd096e7060 of 512 bytes failed: Only part of a ReadProcessMemory or WriteProcessMemory request was completed. (0x12B)
[0706/183823.948:ERROR:process_memory_win.cc(73)] ReadMemory at 0x1bd09920000 of 384 bytes failed: Only part of a ReadProcessMemory or WriteProcessMemory request was completed. (0x12B)
[0706/183823.948:ERROR:process_memory_win.cc(73)] ReadMemory at 0x1bd09ec0000 of 384 bytes failed: Only part of a ReadProcessMemory or WriteProcessMemory request was completed. (0x12B)
[0706/183823.948:ERROR:process_memory_win.cc(73)] ReadMemory at 0x1bd09f03d10 of 512 bytes failed: Only part of a ReadProcessMemory or WriteProcessMemory request was completed. (0x12B)
[0706/183823.948:ERROR:process_memory_win.cc(73)] ReadMemory at 0x1bd09f20f90 of 512 bytes failed: Only part of a ReadProcessMemory or WriteProcessMemory request was completed. (0x12B)
[0706/183823.948:ERROR:process_memory_win.cc(73)] ReadMemory at 0x1bd09f24620 of 512 bytes failed: Only part of a ReadProcessMemory or WriteProcessMemory request was completed. (0x12B)
[0706/183823.948:ERROR:process_memory_win.cc(73)] ReadMemory at 0x1bd09f2aa20 of 712 bytes failed: Only part of a ReadProcessMemory or WriteProcessMemory request was completed. (0x12B)
[0706/183823.948:ERROR:process_memory_win.cc(73)] ReadMemory at 0x1bd09f4ca40 of 512 bytes failed: Only part of a ReadProcessMemory or WriteProcessMemory request was completed. (0x12B)
[0706/183823.948:ERROR:process_memory_win.cc(73)] ReadMemory at 0x1bd09fa1690 of 512 bytes failed: Only part of a ReadProcessMemory or WriteProcessMemory request was completed. (0x12B)
[0706/183823.948:ERROR:process_memory_win.cc(73)] ReadMemory at 0x1bd0b659638 of 512 bytes failed: Only part of a ReadProcessMemory or WriteProcessMemory request was completed. (0x12B)
[0706/183823.948:ERROR:process_memory_win.cc(73)] ReadMemory at 0x1bd0ba19630 of 512 bytes failed: Only part of a ReadProcessMemory or WriteProcessMemory request was completed. (0x12B)
[0706/183823.948:ERROR:process_memory_win.cc(73)] ReadMemory at 0x1bd0c0daf90 of 512 bytes failed: Only part of a ReadProcessMemory or WriteProcessMemory request was completed. (0x12B)
[0706/183823.948:ERROR:process_memory_win.cc(73)] ReadMemory at 0x1bd13fa8f68 of 512 bytes failed: Only part of a ReadProcessMemory or WriteProcessMemory request was completed. (0x12B)
[0706/183823.948:ERROR:process_memory_win.cc(73)] ReadMemory at 0x1bd140532dc of 512 bytes failed: Only part of a ReadProcessMemory or WriteProcessMemory request was completed. (0x12B)
[0706/183823.948:ERROR:process_memory_win.cc(73)] ReadMemory at 0x1bd19316f90 of 512 bytes failed: Only part of a ReadProcessMemory or WriteProcessMemory request was completed. (0x12B)
[0706/183823.948:ERROR:process_memory_win.cc(73)] ReadMemory at 0x1bd19319660 of 528 bytes failed: Only part of a ReadProcessMemory or WriteProcessMemory request was completed. (0x12B)
[0706/183823.948:ERROR:process_memory_win.cc(73)] ReadMemory at 0x1bd1931a3f0 of 512 bytes failed: Only part of a ReadProcessMemory or WriteProcessMemory request was completed. (0x12B)
[0706/183823.948:ERROR:process_memory_win.cc(73)] ReadMemory at 0x1bd1ddb2470 of 512 bytes failed: Only part of a ReadProcessMemory or WriteProcessMemory request was completed. (0x12B)
[0706/183823.948:ERROR:process_memory_win.cc(73)] ReadMemory at 0x1bd1fb445d8 of 512 bytes failed: Only part of a ReadProcessMemory or WriteProcessMemory request was completed. (0x12B)
[0706/183823.948:ERROR:process_memory_win.cc(73)] ReadMemory at 0x1bd2097b6f0 of 512 bytes failed: Only part of a ReadProcessMemory or WriteProcessMemory request was completed. (0x12B)
[0706/183823.956:ERROR:process_memory_win.cc(73)] ReadMemory at 0x7fff7d540000 of 384 bytes failed: Only part of a ReadProcessMemory or WriteProcessMemory request was completed. (0x12B)
[0706/183823.956:ERROR:process_memory_win.cc(73)] ReadMemory at 0x7fff83c05b58 of 512 bytes failed: Only part of a ReadProcessMemory or WriteProcessMemory request was completed. (0x12B)
[0706/183823.956:ERROR:process_memory_win.cc(73)] ReadMemory at 0x7fffe24379a5 of 512 bytes failed: Only part of a ReadProcessMemory or WriteProcessMemory request was completed. (0x12B)
[0706/183823.956:ERROR:process_memory_win.cc(73)] ReadMemory at 0x7fffe2438180 of 512 bytes failed: Only part of a ReadProcessMemory or WriteProcessMemory request was completed. (0x12B)
[0706/183823.957:ERROR:process_memory_win.cc(73)] ReadMemory at 0x7ffff42bc074 of 672 bytes failed: Only part of a ReadProcessMemory or WriteProcessMemory request was completed. (0x12B)
[0706/183823.957:ERROR:process_memory_win.cc(73)] ReadMemory at 0x7ffff42bf924 of 608 bytes failed: Only part of a ReadProcessMemory or WriteProcessMemory request was completed. (0x12B)
[0706/183823.957:ERROR:process_memory_win.cc(73)] ReadMemory at 0x7ffff42c5e80 of 512 bytes failed: Only part of a ReadProcessMemory or WriteProcessMemory request was completed. (0x12B)
[0706/183823.958:ERROR:process_memory_win.cc(73)] ReadMemory at 0x7ffff434c428 of 18 bytes failed: Only part of a ReadProcessMemory or WriteProcessMemory request was completed. (0x12B)
[0706/183823.958:ERROR:process_memory_win.cc(73)] ReadMemory at 0x7ffff437f4f8 of 40 bytes failed: Only part of a ReadProcessMemory or WriteProcessMemory request was completed. (0x12B)
[0706/183823.959:ERROR:process_memory_win.cc(73)] ReadMemory at 0x7ffff437f978 of 48 bytes failed: Only part of a ReadProcessMemory or WriteProcessMemory request was completed. (0x12B)
[0706/183823.959:ERROR:process_memory_win.cc(73)] ReadMemory at 0x7ffff43853c0 of 64 bytes failed: Only part of a ReadProcessMemory or WriteProcessMemory request was completed. (0x12B)
[0706/183824.075:ERROR:scoped_process_suspend.cc(40)] NtResumeProcess: An attempt was made to access an exiting process. (0xc000010a)
